EDA Netlist Writer report for Meio_Somador
Mon Oct 24 16:35:16 2016
Quartus Prime Version 16.0.0 Build 211 04/27/2016 SJ Lite Edition


---------------------
; Table of Contents ;
---------------------
  1. Legal Notice
  2. EDA Netlist Writer Summary
  3. Simulation Settings
  4. Simulation Generated Files
  5. EDA Netlist Writer Messages



----------------
; Legal Notice ;
----------------
Copyright (C) 1991-2016 Altera Corporation. All rights reserved.
Your use of Altera Corporation's design tools, logic functions 
and other software and tools, and its AMPP partner logic 
functions, and any output files from any of the foregoing 
(including device programming or simulation files), and any 
associated documentation or information are expressly subject 
to the terms and conditions of the Altera Program License 
Subscription Agreement, the Altera Quartus Prime License Agreement,
the Altera MegaCore Function License Agreement, or other 
applicable license agreement, including, without limitation, 
that your use is for the sole purpose of programming logic 
devices manufactured by Altera and sold by Altera or its 
authorized distributors.  Please refer to the applicable 
agreement for further details.



+-------------------------------------------------------------------+
; EDA Netlist Writer Summary                                        ;
+---------------------------+---------------------------------------+
; EDA Netlist Writer Status ; Successful - Mon Oct 24 16:35:16 2016 ;
; Revision Name             ; Meio_Somador                          ;
; Top-level Entity Name     ; Meio_Somador                          ;
; Family                    ; Cyclone IV E                          ;
; Simulation Files Creation ; Successful                            ;
+---------------------------+---------------------------------------+


+-------------------------------------------------------------------------------------------------------------------------------+
; Simulation Settings                                                                                                           ;
+---------------------------------------------------------------------------------------------------+---------------------------+
; Option                                                                                            ; Setting                   ;
+---------------------------------------------------------------------------------------------------+---------------------------+
; Tool Name                                                                                         ; ModelSim-Altera (Verilog) ;
; Generate functional simulation netlist                                                            ; Off                       ;
; Time scale                                                                                        ; 1 ps                      ;
; Truncate long hierarchy paths                                                                     ; Off                       ;
; Map illegal HDL characters                                                                        ; Off                       ;
; Flatten buses into individual nodes                                                               ; Off                       ;
; Maintain hierarchy                                                                                ; Off                       ;
; Bring out device-wide set/reset signals as ports                                                  ; Off                       ;
; Enable glitch filtering                                                                           ; Off                       ;
; Do not write top level VHDL entity                                                                ; Off                       ;
; Disable detection of setup and hold time violations in the input registers of bi-directional pins ; Off                       ;
; Architecture name in VHDL output netlist                                                          ; structure                 ;
; Generate third-party EDA tool command script for RTL functional simulation                        ; Off                       ;
; Generate third-party EDA tool command script for gate-level simulation                            ; Off                       ;
+---------------------------------------------------------------------------------------------------+---------------------------+


+------------------------------------------------------------------------------------------------------------------------+
; Simulation Generated Files                                                                                             ;
+------------------------------------------------------------------------------------------------------------------------+
; Generated Files                                                                                                        ;
+------------------------------------------------------------------------------------------------------------------------+
; /home/mrlnrnn/Dropbox/IFPB/EC/PEM/Projetos Quartus/Somador/simulation/modelsim/Meio_Somador_7_1200mv_125c_slow.vo      ;
; /home/mrlnrnn/Dropbox/IFPB/EC/PEM/Projetos Quartus/Somador/simulation/modelsim/Meio_Somador_7_1200mv_-40c_slow.vo      ;
; /home/mrlnrnn/Dropbox/IFPB/EC/PEM/Projetos Quartus/Somador/simulation/modelsim/Meio_Somador_min_1200mv_-40c_fast.vo    ;
; /home/mrlnrnn/Dropbox/IFPB/EC/PEM/Projetos Quartus/Somador/simulation/modelsim/Meio_Somador.vo                         ;
; /home/mrlnrnn/Dropbox/IFPB/EC/PEM/Projetos Quartus/Somador/simulation/modelsim/Meio_Somador_7_1200mv_125c_v_slow.sdo   ;
; /home/mrlnrnn/Dropbox/IFPB/EC/PEM/Projetos Quartus/Somador/simulation/modelsim/Meio_Somador_7_1200mv_-40c_v_slow.sdo   ;
; /home/mrlnrnn/Dropbox/IFPB/EC/PEM/Projetos Quartus/Somador/simulation/modelsim/Meio_Somador_min_1200mv_-40c_v_fast.sdo ;
; /home/mrlnrnn/Dropbox/IFPB/EC/PEM/Projetos Quartus/Somador/simulation/modelsim/Meio_Somador_v.sdo                      ;
+------------------------------------------------------------------------------------------------------------------------+


+-----------------------------+
; EDA Netlist Writer Messages ;
+-----------------------------+
Info: *******************************************************************
Info: Running Quartus Prime EDA Netlist Writer
    Info: Version 16.0.0 Build 211 04/27/2016 SJ Lite Edition
    Info: Processing started: Mon Oct 24 16:35:14 2016
Info: Command: quartus_eda --read_settings_files=off --write_settings_files=off Meio_Somador -c Meio_Somador
Info (204019): Generated file Meio_Somador_7_1200mv_125c_slow.vo in folder "/home/mrlnrnn/Dropbox/IFPB/EC/PEM/Projetos Quartus/Somador/simulation/modelsim/" for EDA simulation tool
Info (204019): Generated file Meio_Somador_7_1200mv_-40c_slow.vo in folder "/home/mrlnrnn/Dropbox/IFPB/EC/PEM/Projetos Quartus/Somador/simulation/modelsim/" for EDA simulation tool
Info (204019): Generated file Meio_Somador_min_1200mv_-40c_fast.vo in folder "/home/mrlnrnn/Dropbox/IFPB/EC/PEM/Projetos Quartus/Somador/simulation/modelsim/" for EDA simulation tool
Info (204019): Generated file Meio_Somador.vo in folder "/home/mrlnrnn/Dropbox/IFPB/EC/PEM/Projetos Quartus/Somador/simulation/modelsim/" for EDA simulation tool
Info (204019): Generated file Meio_Somador_7_1200mv_125c_v_slow.sdo in folder "/home/mrlnrnn/Dropbox/IFPB/EC/PEM/Projetos Quartus/Somador/simulation/modelsim/" for EDA simulation tool
Info (204019): Generated file Meio_Somador_7_1200mv_-40c_v_slow.sdo in folder "/home/mrlnrnn/Dropbox/IFPB/EC/PEM/Projetos Quartus/Somador/simulation/modelsim/" for EDA simulation tool
Info (204019): Generated file Meio_Somador_min_1200mv_-40c_v_fast.sdo in folder "/home/mrlnrnn/Dropbox/IFPB/EC/PEM/Projetos Quartus/Somador/simulation/modelsim/" for EDA simulation tool
Info (204019): Generated file Meio_Somador_v.sdo in folder "/home/mrlnrnn/Dropbox/IFPB/EC/PEM/Projetos Quartus/Somador/simulation/modelsim/" for EDA simulation tool
Info: Quartus Prime EDA Netlist Writer was successful. 0 errors, 0 warnings
    Info: Peak virtual memory: 1304 megabytes
    Info: Processing ended: Mon Oct 24 16:35:16 2016
    Info: Elapsed time: 00:00:02
    Info: Total CPU time (on all processors): 00:00:01


