Assembler report for Somador_Completo_4bits
Fri Oct 28 21:56:28 2016
Quartus Prime Version 16.0.0 Build 211 04/27/2016 SJ Lite Edition


---------------------
; Table of Contents ;
---------------------
  1. Legal Notice
  2. Assembler Summary
  3. Assembler Settings
  4. Assembler Generated Files
  5. Assembler Device Options: C:/Users/mrlnr/Dropbox/IFPB/EC/PEM/Projetos Quartus/Somador/output_files/Somador_Completo_4bits.sof
  6. Assembler Messages



----------------
; Legal Notice ;
----------------
Copyright (C) 1991-2016 Altera Corporation. All rights reserved.
Your use of Altera Corporation's design tools, logic functions 
and other software and tools, and its AMPP partner logic 
functions, and any output files from any of the foregoing 
(including device programming or simulation files), and any 
associated documentation or information are expressly subject 
to the terms and conditions of the Altera Program License 
Subscription Agreement, the Altera Quartus Prime License Agreement,
the Altera MegaCore Function License Agreement, or other 
applicable license agreement, including, without limitation, 
that your use is for the sole purpose of programming logic 
devices manufactured by Altera and sold by Altera or its 
authorized distributors.  Please refer to the applicable 
agreement for further details.



+---------------------------------------------------------------+
; Assembler Summary                                             ;
+-----------------------+---------------------------------------+
; Assembler Status      ; Successful - Fri Oct 28 21:56:28 2016 ;
; Revision Name         ; Somador_Completo_4bits                ;
; Top-level Entity Name ; Somador_Completo_4bits                ;
; Family                ; Cyclone IV E                          ;
; Device                ; EP4CE6E22A7                           ;
+-----------------------+---------------------------------------+


+----------------------------------+
; Assembler Settings               ;
+--------+---------+---------------+
; Option ; Setting ; Default Value ;
+--------+---------+---------------+


+-----------------------------------------------------------------------------------------------------+
; Assembler Generated Files                                                                           ;
+-----------------------------------------------------------------------------------------------------+
; File Name                                                                                           ;
+-----------------------------------------------------------------------------------------------------+
; C:/Users/mrlnr/Dropbox/IFPB/EC/PEM/Projetos Quartus/Somador/output_files/Somador_Completo_4bits.sof ;
+-----------------------------------------------------------------------------------------------------+


+-------------------------------------------------------------------------------------------------------------------------------+
; Assembler Device Options: C:/Users/mrlnr/Dropbox/IFPB/EC/PEM/Projetos Quartus/Somador/output_files/Somador_Completo_4bits.sof ;
+----------------+--------------------------------------------------------------------------------------------------------------+
; Option         ; Setting                                                                                                      ;
+----------------+--------------------------------------------------------------------------------------------------------------+
; Device         ; EP4CE6E22A7                                                                                                  ;
; JTAG usercode  ; 0x00094F65                                                                                                   ;
; Checksum       ; 0x00094F65                                                                                                   ;
+----------------+--------------------------------------------------------------------------------------------------------------+


+--------------------+
; Assembler Messages ;
+--------------------+
Info: *******************************************************************
Info: Running Quartus Prime Assembler
    Info: Version 16.0.0 Build 211 04/27/2016 SJ Lite Edition
    Info: Processing started: Fri Oct 28 21:56:25 2016
Info: Command: quartus_asm --read_settings_files=off --write_settings_files=off Somador_Completo_4bits -c Somador_Completo_4bits
Info (115031): Writing out detailed assembly data for power analysis
Info (115030): Assembler is generating device programming files
Info: Quartus Prime Assembler was successful. 0 errors, 0 warnings
    Info: Peak virtual memory: 755 megabytes
    Info: Processing ended: Fri Oct 28 21:56:28 2016
    Info: Elapsed time: 00:00:03
    Info: Total CPU time (on all processors): 00:00:02


