Analysis & Synthesis report for Somador_Completo_4bits
Wed Oct 26 14:46:42 2016
Quartus Prime Version 16.0.0 Build 211 04/27/2016 SJ Lite Edition


---------------------
; Table of Contents ;
---------------------
  1. Legal Notice
  2. Analysis & Synthesis Summary
  3. Analysis & Synthesis Settings
  4. Parallel Compilation
  5. Analysis & Synthesis Messages



----------------
; Legal Notice ;
----------------
Copyright (C) 1991-2016 Altera Corporation. All rights reserved.
Your use of Altera Corporation's design tools, logic functions 
and other software and tools, and its AMPP partner logic 
functions, and any output files from any of the foregoing 
(including device programming or simulation files), and any 
associated documentation or information are expressly subject 
to the terms and conditions of the Altera Program License 
Subscription Agreement, the Altera Quartus Prime License Agreement,
the Altera MegaCore Function License Agreement, or other 
applicable license agreement, including, without limitation, 
that your use is for the sole purpose of programming logic 
devices manufactured by Altera and sold by Altera or its 
authorized distributors.  Please refer to the applicable 
agreement for further details.



+----------------------------------------------------------------------------------+
; Analysis & Synthesis Summary                                                     ;
+------------------------------------+---------------------------------------------+
; Analysis & Synthesis Status        ; Failed - Wed Oct 26 14:46:42 2016           ;
; Quartus Prime Version              ; 16.0.0 Build 211 04/27/2016 SJ Lite Edition ;
; Revision Name                      ; Somador_Completo_4bits                      ;
; Top-level Entity Name              ; Somador_Completo_4bits                      ;
; Family                             ; Cyclone IV E                                ;
; Total logic elements               ; N/A until Partition Merge                   ;
;     Total combinational functions  ; N/A until Partition Merge                   ;
;     Dedicated logic registers      ; N/A until Partition Merge                   ;
; Total registers                    ; N/A until Partition Merge                   ;
; Total pins                         ; N/A until Partition Merge                   ;
; Total virtual pins                 ; N/A until Partition Merge                   ;
; Total memory bits                  ; N/A until Partition Merge                   ;
; Embedded Multiplier 9-bit elements ; N/A until Partition Merge                   ;
; Total PLLs                         ; N/A until Partition Merge                   ;
+------------------------------------+---------------------------------------------+


+------------------------------------------------------------------------------------------------------------------------------+
; Analysis & Synthesis Settings                                                                                                ;
+----------------------------------------------------------------------------+------------------------+------------------------+
; Option                                                                     ; Setting                ; Default Value          ;
+----------------------------------------------------------------------------+------------------------+------------------------+
; Device                                                                     ; EP4CE6E22A7            ;                        ;
; Top-level entity name                                                      ; Somador_Completo_4bits ; Somador_Completo_4bits ;
; Family name                                                                ; Cyclone IV E           ; Cyclone V              ;
; Use smart compilation                                                      ; Off                    ; Off                    ;
; Enable parallel Assembler and TimeQuest Timing Analyzer during compilation ; On                     ; On                     ;
; Enable compact report table                                                ; Off                    ; Off                    ;
; Restructure Multiplexers                                                   ; Auto                   ; Auto                   ;
; Create Debugging Nodes for IP Cores                                        ; Off                    ; Off                    ;
; Preserve fewer node names                                                  ; On                     ; On                     ;
; Disable OpenCore Plus hardware evaluation                                  ; Off                    ; Off                    ;
; Verilog Version                                                            ; Verilog_2001           ; Verilog_2001           ;
; VHDL Version                                                               ; VHDL_1993              ; VHDL_1993              ;
; State Machine Processing                                                   ; Auto                   ; Auto                   ;
; Safe State Machine                                                         ; Off                    ; Off                    ;
; Extract Verilog State Machines                                             ; On                     ; On                     ;
; Extract VHDL State Machines                                                ; On                     ; On                     ;
; Ignore Verilog initial constructs                                          ; Off                    ; Off                    ;
; Iteration limit for constant Verilog loops                                 ; 5000                   ; 5000                   ;
; Iteration limit for non-constant Verilog loops                             ; 250                    ; 250                    ;
; Add Pass-Through Logic to Inferred RAMs                                    ; On                     ; On                     ;
; Infer RAMs from Raw Logic                                                  ; On                     ; On                     ;
; Parallel Synthesis                                                         ; On                     ; On                     ;
; DSP Block Balancing                                                        ; Auto                   ; Auto                   ;
; NOT Gate Push-Back                                                         ; On                     ; On                     ;
; Power-Up Don't Care                                                        ; On                     ; On                     ;
; Remove Redundant Logic Cells                                               ; Off                    ; Off                    ;
; Remove Duplicate Registers                                                 ; On                     ; On                     ;
; Ignore CARRY Buffers                                                       ; Off                    ; Off                    ;
; Ignore CASCADE Buffers                                                     ; Off                    ; Off                    ;
; Ignore GLOBAL Buffers                                                      ; Off                    ; Off                    ;
; Ignore ROW GLOBAL Buffers                                                  ; Off                    ; Off                    ;
; Ignore LCELL Buffers                                                       ; Off                    ; Off                    ;
; Ignore SOFT Buffers                                                        ; On                     ; On                     ;
; Limit AHDL Integers to 32 Bits                                             ; Off                    ; Off                    ;
; Optimization Technique                                                     ; Balanced               ; Balanced               ;
; Carry Chain Length                                                         ; 70                     ; 70                     ;
; Auto Carry Chains                                                          ; On                     ; On                     ;
; Auto Open-Drain Pins                                                       ; On                     ; On                     ;
; Perform WYSIWYG Primitive Resynthesis                                      ; Off                    ; Off                    ;
; Auto ROM Replacement                                                       ; On                     ; On                     ;
; Auto RAM Replacement                                                       ; On                     ; On                     ;
; Auto DSP Block Replacement                                                 ; On                     ; On                     ;
; Auto Shift Register Replacement                                            ; Auto                   ; Auto                   ;
; Allow Shift Register Merging across Hierarchies                            ; Auto                   ; Auto                   ;
; Auto Clock Enable Replacement                                              ; On                     ; On                     ;
; Strict RAM Replacement                                                     ; Off                    ; Off                    ;
; Allow Synchronous Control Signals                                          ; On                     ; On                     ;
; Force Use of Synchronous Clear Signals                                     ; Off                    ; Off                    ;
; Auto RAM Block Balancing                                                   ; On                     ; On                     ;
; Auto RAM to Logic Cell Conversion                                          ; Off                    ; Off                    ;
; Auto Resource Sharing                                                      ; Off                    ; Off                    ;
; Allow Any RAM Size For Recognition                                         ; Off                    ; Off                    ;
; Allow Any ROM Size For Recognition                                         ; Off                    ; Off                    ;
; Allow Any Shift Register Size For Recognition                              ; Off                    ; Off                    ;
; Use LogicLock Constraints during Resource Balancing                        ; On                     ; On                     ;
; Ignore translate_off and synthesis_off directives                          ; Off                    ; Off                    ;
; Timing-Driven Synthesis                                                    ; On                     ; On                     ;
; Report Parameter Settings                                                  ; On                     ; On                     ;
; Report Source Assignments                                                  ; On                     ; On                     ;
; Report Connectivity Checks                                                 ; On                     ; On                     ;
; Ignore Maximum Fan-Out Assignments                                         ; Off                    ; Off                    ;
; Synchronization Register Chain Length                                      ; 2                      ; 2                      ;
; PowerPlay Power Optimization During Synthesis                              ; Normal compilation     ; Normal compilation     ;
; HDL message level                                                          ; Level2                 ; Level2                 ;
; Suppress Register Optimization Related Messages                            ; Off                    ; Off                    ;
; Number of Removed Registers Reported in Synthesis Report                   ; 5000                   ; 5000                   ;
; Number of Swept Nodes Reported in Synthesis Report                         ; 5000                   ; 5000                   ;
; Number of Inverted Registers Reported in Synthesis Report                  ; 100                    ; 100                    ;
; Clock MUX Protection                                                       ; On                     ; On                     ;
; Auto Gated Clock Conversion                                                ; Off                    ; Off                    ;
; Block Design Naming                                                        ; Auto                   ; Auto                   ;
; SDC constraint protection                                                  ; Off                    ; Off                    ;
; Synthesis Effort                                                           ; Auto                   ; Auto                   ;
; Shift Register Replacement - Allow Asynchronous Clear Signal               ; On                     ; On                     ;
; Pre-Mapping Resynthesis Optimization                                       ; Off                    ; Off                    ;
; Analysis & Synthesis Message Level                                         ; Medium                 ; Medium                 ;
; Disable Register Merging Across Hierarchies                                ; Auto                   ; Auto                   ;
; Resource Aware Inference For Block RAM                                     ; On                     ; On                     ;
; Synthesis Seed                                                             ; 1                      ; 1                      ;
+----------------------------------------------------------------------------+------------------------+------------------------+


Parallel compilation was disabled, but you have multiple processors available. Enable parallel compilation to reduce compilation time.
+-------------------------------------+
; Parallel Compilation                ;
+----------------------------+--------+
; Processors                 ; Number ;
+----------------------------+--------+
; Number detected on machine ; 4      ;
; Maximum allowed            ; 1      ;
+----------------------------+--------+


+-------------------------------+
; Analysis & Synthesis Messages ;
+-------------------------------+
Info: *******************************************************************
Info: Running Quartus Prime Analysis & Synthesis
    Info: Version 16.0.0 Build 211 04/27/2016 SJ Lite Edition
    Info: Processing started: Wed Oct 26 14:46:23 2016
Info: Command: quartus_map --read_settings_files=on --write_settings_files=off Somador_Completo_4bits -c Somador_Completo_4bits
Warning (20028): Parallel compilation is not licensed and has been disabled
Info (12021): Found 1 design units, including 1 entities, in source file Somador_Completo_4bits.bdf
    Info (12023): Found entity 1: Somador_Completo_4bits
Info (12127): Elaborating entity "Somador_Completo_4bits" for the top level hierarchy
Warning (275011): Block or symbol "Somador_Completo" of instance "inst3" overlaps another block or symbol
Warning (275043): Pin "S0" is missing source
Warning (12125): Using design file Somador_Completo.bdf, which is not specified as a design file for the current project, but contains definitions for 1 design units and 1 entities in project
    Info (12023): Found entity 1: Somador_Completo
Info (12128): Elaborating entity "Somador_Completo" for hierarchy "Somador_Completo:inst2"
Warning (12125): Using design file Meio_Somador.bdf, which is not specified as a design file for the current project, but contains definitions for 1 design units and 1 entities in project
    Info (12023): Found entity 1: Meio_Somador
Info (12128): Elaborating entity "Meio_Somador" for hierarchy "Somador_Completo:inst2|Meio_Somador:inst1"
Error (12002): Port "S0" does not exist in macrofunction "inst6"
Error (12002): Port "S0" does not exist in macrofunction "inst1"
Error (12002): Port "S0" does not exist in macrofunction "inst6"
Error (12002): Port "S0" does not exist in macrofunction "inst1"
Error (12002): Port "S0" does not exist in macrofunction "inst6"
Error (12002): Port "S0" does not exist in macrofunction "inst1"
Error (12002): Port "S0" does not exist in macrofunction "inst6"
Error (12002): Port "S0" does not exist in macrofunction "inst1"
Error: Quartus Prime Analysis & Synthesis was unsuccessful. 8 errors, 5 warnings
    Error: Peak virtual memory: 1161 megabytes
    Error: Processing ended: Wed Oct 26 14:46:42 2016
    Error: Elapsed time: 00:00:19
    Error: Total CPU time (on all processors): 00:00:42


